<?xml version="1.0" encoding="UTF-8"?>
<!-- Generated by org.testng.reporters.JUnitXMLReporter -->
<testsuite ignored="0" hostname="Escha" failures="0" tests="3" name="Surefire test" time="45.358" errors="0" timestamp="2025-03-22T12:30:18 ICT">
  <testcase classname="automation.StandAloneTestNGImpl2Test" name="createOrder" time="9.02"/>
  <testcase classname="automation.StandAloneTestNGImplTest" name="createOrder" time="5.351"/>
  <testcase classname="io.cucumber.testng.AbstractTestNGCucumberTests" name="runScenario" time="11.86"/>
</testsuite> <!-- Surefire test -->
