<?xml version="1.0" encoding="UTF-8"?>
<!-- Generated by org.testng.reporters.JUnitXMLReporter -->
<testsuite ignored="0" hostname="Escha" failures="1" tests="4" name="Surefire test" time="58.531" errors="0" timestamp="2025-03-20T20:21:33 ICT">
  <testcase classname="automation.StandAloneTestNGImpl2Test" name="createOrder" time="1.187">
    <failure type="java.lang.NullPointerException" message="Cannot invoke &amp;quot;org.openqa.selenium.WebElement.findElement(org.openqa.selenium.By)&amp;quot; because &amp;quot;product&amp;quot; is null">
      <![CDATA[java.lang.NullPointerException: Cannot invoke "org.openqa.selenium.WebElement.findElement(org.openqa.selenium.By)" because "product" is null
at automation.StandAloneTestNGImpl2Test.createOrder(StandAloneTestNGImpl2Test.java:70)
at java.base/java.util.ArrayList.forEach(ArrayList.java:1596)
... Removed 30 stack frames]]>
    </failure>
  </testcase> <!-- createOrder -->
  <testcase classname="automation.StandAloneTestNGImplTest" name="createOrder" time="6.39"/>
  <testcase classname="io.cucumber.testng.AbstractTestNGCucumberTests" name="runScenario" time="18.269"/>
  <testcase classname="tugas.tdTest" name="tugas" time="4.943"/>
</testsuite> <!-- Surefire test -->
