<?xml version="1.0" encoding="UTF-8"?>
<testng-results ignored="0" total="4" passed="3" failed="1" skipped="0">
  <reporter-output>
  </reporter-output>
  <suite started-at="2025-03-20T20:20:34 ICT" name="Surefire suite" finished-at="2025-03-20T20:21:33 ICT" duration-ms="58531">
    <groups>
      <group name="cucumber">
        <method signature="AbstractTestNGCucumberTests.runScenario(io.cucumber.testng.PickleWrapper,io.cucumber.testng.FeatureWrapper)[pri:0, instance:runners.TestRunnersTesNG@56a6d5a6]" name="runScenario" class="io.cucumber.testng.AbstractTestNGCucumberTests"/>
      </group> <!-- cucumber -->
    </groups>
    <test started-at="2025-03-20T20:20:34 ICT" name="Surefire test" finished-at="2025-03-20T20:21:33 ICT" duration-ms="58531">
      <class name="tugas.tdTest">
        <test-method is-config="true" signature="setUp()[pri:0, instance:tugas.tdTest@18ce0030]" started-at="2025-03-20T20:21:23 ICT" name="setUp" finished-at="2025-03-20T20:21:28 ICT" duration-ms="5106" status="PASS">
          <reporter-output>
          </reporter-output>
        </test-method> <!-- setUp -->
        <test-method signature="tugas(java.util.HashMap)[pri:0, instance:tugas.tdTest@18ce0030]" started-at="2025-03-20T20:21:28 ICT" name="tugas" data-provider="getData" finished-at="2025-03-20T20:21:33 ICT" duration-ms="4943" status="PASS">
          <params>
            <param index="0">
              <value>
                <![CDATA[{productname=Sauce Labs Backpack, password=secret_sauce, username=standard_user}]]>
              </value>
            </param>
          </params>
          <reporter-output>
          </reporter-output>
        </test-method> <!-- tugas -->
        <test-method is-config="true" signature="tearDown()[pri:0, instance:tugas.tdTest@18ce0030]" started-at="2025-03-20T20:21:33 ICT" name="tearDown" finished-at="2025-03-20T20:21:33 ICT" duration-ms="256" status="PASS">
          <reporter-output>
          </reporter-output>
        </test-method> <!-- tearDown -->
      </class> <!-- tugas.tdTest -->
      <class name="automation.StandAloneTestNGImpl2Test">
        <test-method is-config="true" signature="setUp()[pri:0, instance:automation.StandAloneTestNGImpl2Test@402e37bc]" started-at="2025-03-20T20:20:35 ICT" name="setUp" finished-at="2025-03-20T20:20:47 ICT" duration-ms="12776" status="PASS">
          <reporter-output>
          </reporter-output>
        </test-method> <!-- setUp -->
        <test-method signature="createOrder(java.util.HashMap)[pri:0, instance:automation.StandAloneTestNGImpl2Test@402e37bc]" started-at="2025-03-20T20:20:47 ICT" name="createOrder" data-provider="dataTestMapping" finished-at="2025-03-20T20:20:48 ICT" duration-ms="1187" status="FAIL">
          <params>
            <param index="0">
              <value>
                <![CDATA[{firstName=John, PostalCode=12345, password=jPF.TLurtbM@Yk5, LastName=Wick, useremail=aotomation@mailnesia.com}]]>
              </value>
            </param>
          </params>
          <exception class="java.lang.NullPointerException">
            <message>
              <![CDATA[Cannot invoke "org.openqa.selenium.WebElement.findElement(org.openqa.selenium.By)" because "product" is null]]>
            </message>
            <full-stacktrace>
              <![CDATA[java.lang.NullPointerException: Cannot invoke "org.openqa.selenium.WebElement.findElement(org.openqa.selenium.By)" because "product" is null
at automation.StandAloneTestNGImpl2Test.createOrder(StandAloneTestNGImpl2Test.java:70)
at java.base/jdk.internal.reflect.DirectMethodHandleAccessor.invoke(DirectMethodHandleAccessor.java:103)
at java.base/java.lang.reflect.Method.invoke(Method.java:580)
at org.testng.internal.invokers.MethodInvocationHelper.invokeMethod(MethodInvocationHelper.java:141)
at org.testng.internal.invokers.TestInvoker.invokeMethod(TestInvoker.java:687)
at org.testng.internal.invokers.TestInvoker.invokeTestMethod(TestInvoker.java:230)
at org.testng.internal.invokers.MethodRunner.runInSequence(MethodRunner.java:63)
at org.testng.internal.invokers.TestInvoker$MethodInvocationAgent.invoke(TestInvoker.java:995)
at org.testng.internal.invokers.TestInvoker.invokeTestMethods(TestInvoker.java:203)
at org.testng.internal.invokers.TestMethodWorker.invokeTestMethods(TestMethodWorker.java:154)
at org.testng.internal.invokers.TestMethodWorker.run(TestMethodWorker.java:134)
at java.base/java.util.ArrayList.forEach(ArrayList.java:1596)
at org.testng.TestRunner.privateRun(TestRunner.java:741)
at org.testng.TestRunner.run(TestRunner.java:616)
at org.testng.SuiteRunner.runTest(SuiteRunner.java:421)
at org.testng.SuiteRunner.runSequentially(SuiteRunner.java:413)
at org.testng.SuiteRunner.privateRun(SuiteRunner.java:373)
at org.testng.SuiteRunner.run(SuiteRunner.java:312)
at org.testng.SuiteRunnerWorker.runSuite(SuiteRunnerWorker.java:52)
at org.testng.SuiteRunnerWorker.run(SuiteRunnerWorker.java:95)
at org.testng.TestNG.runSuitesSequentially(TestNG.java:1274)
at org.testng.TestNG.runSuitesLocally(TestNG.java:1208)
at org.testng.TestNG.runSuites(TestNG.java:1112)
at org.testng.TestNG.run(TestNG.java:1079)
at org.apache.maven.surefire.testng.TestNGExecutor.run(TestNGExecutor.java:135)
at org.apache.maven.surefire.testng.TestNGDirectoryTestSuite.executeMulti(TestNGDirectoryTestSuite.java:193)
at org.apache.maven.surefire.testng.TestNGDirectoryTestSuite.execute(TestNGDirectoryTestSuite.java:94)
at org.apache.maven.surefire.testng.TestNGProvider.invoke(TestNGProvider.java:146)
at org.apache.maven.surefire.booter.ForkedBooter.invokeProviderInSameClassLoader(ForkedBooter.java:384)
at org.apache.maven.surefire.booter.ForkedBooter.runSuitesInProcess(ForkedBooter.java:345)
at org.apache.maven.surefire.booter.ForkedBooter.execute(ForkedBooter.java:126)
at org.apache.maven.surefire.booter.ForkedBooter.main(ForkedBooter.java:418)
]]>
            </full-stacktrace>
          </exception> <!-- java.lang.NullPointerException -->
          <reporter-output>
          </reporter-output>
        </test-method> <!-- createOrder -->
        <test-method is-config="true" signature="tearDown()[pri:0, instance:automation.StandAloneTestNGImpl2Test@402e37bc]" started-at="2025-03-20T20:20:48 ICT" name="tearDown" finished-at="2025-03-20T20:20:49 ICT" duration-ms="223" status="PASS">
          <reporter-output>
          </reporter-output>
        </test-method> <!-- tearDown -->
      </class> <!-- automation.StandAloneTestNGImpl2Test -->
      <class name="automation.StandAloneTestNGImplTest">
        <test-method is-config="true" signature="setUp()[pri:0, instance:automation.StandAloneTestNGImplTest@7a4ccb53]" started-at="2025-03-20T20:20:49 ICT" name="setUp" finished-at="2025-03-20T20:20:57 ICT" duration-ms="8378" status="PASS">
          <reporter-output>
          </reporter-output>
        </test-method> <!-- setUp -->
        <test-method signature="createOrder(java.util.HashMap)[pri:0, instance:automation.StandAloneTestNGImplTest@7a4ccb53]" started-at="2025-03-20T20:20:57 ICT" name="createOrder" data-provider="dataTestMapping" finished-at="2025-03-20T20:21:03 ICT" duration-ms="6390" status="PASS">
          <params>
            <param index="0">
              <value>
                <![CDATA[{productname=ZARA COAT 3, password=jPF.TLurtbM@Yk5, useremail=aotomation@mailnesia.com}]]>
              </value>
            </param>
          </params>
          <reporter-output>
          </reporter-output>
        </test-method> <!-- createOrder -->
        <test-method is-config="true" signature="tearDown()[pri:0, instance:automation.StandAloneTestNGImplTest@7a4ccb53]" started-at="2025-03-20T20:21:03 ICT" name="tearDown" finished-at="2025-03-20T20:21:04 ICT" duration-ms="278" status="PASS">
          <reporter-output>
          </reporter-output>
        </test-method> <!-- tearDown -->
      </class> <!-- automation.StandAloneTestNGImplTest -->
      <class name="runners.TestRunnersTesNG">
        <test-method is-config="true" signature="setUpClass(org.testng.ITestContext)[pri:0, instance:runners.TestRunnersTesNG@56a6d5a6]" started-at="2025-03-20T20:21:04 ICT" name="setUpClass" finished-at="2025-03-20T20:21:04 ICT" duration-ms="614" status="PASS">
          <params>
            <param index="0">
              <value>
                <![CDATA[org.testng.TestRunner@2596d7f4]]>
              </value>
            </param>
          </params>
          <reporter-output>
          </reporter-output>
        </test-method> <!-- setUpClass -->
        <test-method signature="runScenario(io.cucumber.testng.PickleWrapper,io.cucumber.testng.FeatureWrapper)[pri:0, instance:runners.TestRunnersTesNG@56a6d5a6]" started-at="2025-03-20T20:21:04 ICT" name="runScenario" description="Runs Cucumber Scenarios" data-provider="scenarios" finished-at="2025-03-20T20:21:23 ICT" duration-ms="18269" status="PASS">
          <params>
            <param index="0">
              <value>
                <![CDATA["Create Order Positive Case"]]>
              </value>
            </param>
            <param index="1">
              <value>
                <![CDATA["Purchase a product from the online store"]]>
              </value>
            </param>
          </params>
          <reporter-output>
          </reporter-output>
        </test-method> <!-- runScenario -->
        <test-method is-config="true" signature="tearDownClass()[pri:0, instance:runners.TestRunnersTesNG@56a6d5a6]" started-at="2025-03-20T20:21:23 ICT" name="tearDownClass" finished-at="2025-03-20T20:21:23 ICT" duration-ms="63" status="PASS">
          <reporter-output>
          </reporter-output>
        </test-method> <!-- tearDownClass -->
      </class> <!-- runners.TestRunnersTesNG -->
    </test> <!-- Surefire test -->
  </suite> <!-- Surefire suite -->
</testng-results>
