<?xml version="1.0" encoding="UTF-8"?>
<testng-results ignored="0" total="1" passed="1" failed="0" skipped="0">
  <reporter-output>
  </reporter-output>
  <suite started-at="2025-03-20T20:53:28 ICT" name="Surefire suite" finished-at="2025-03-20T20:53:44 ICT" duration-ms="16263">
    <groups>
      <group name="cucumber">
        <method signature="AbstractTestNGCucumberTests.runScenario(io.cucumber.testng.PickleWrapper,io.cucumber.testng.FeatureWrapper)[pri:0, instance:runners.TestRunnersTesNG@6d2a209c]" name="runScenario" class="io.cucumber.testng.AbstractTestNGCucumberTests"/>
      </group> <!-- cucumber -->
    </groups>
    <test started-at="2025-03-20T20:53:28 ICT" name="Surefire test" finished-at="2025-03-20T20:53:44 ICT" duration-ms="16263">
      <class name="runners.TestRunnersTesNG">
        <test-method is-config="true" signature="setUpClass(org.testng.ITestContext)[pri:0, instance:runners.TestRunnersTesNG@6d2a209c]" started-at="2025-03-20T20:53:28 ICT" name="setUpClass" finished-at="2025-03-20T20:53:28 ICT" duration-ms="774" status="PASS">
          <params>
            <param index="0">
              <value>
                <![CDATA[org.testng.TestRunner@5017e1]]>
              </value>
            </param>
          </params>
          <reporter-output>
          </reporter-output>
        </test-method> <!-- setUpClass -->
        <test-method signature="runScenario(io.cucumber.testng.PickleWrapper,io.cucumber.testng.FeatureWrapper)[pri:0, instance:runners.TestRunnersTesNG@6d2a209c]" started-at="2025-03-20T20:53:28 ICT" name="runScenario" description="Runs Cucumber Scenarios" data-provider="scenarios" finished-at="2025-03-20T20:53:44 ICT" duration-ms="15367" status="PASS">
          <params>
            <param index="0">
              <value>
                <![CDATA["Create Order Positive Case"]]>
              </value>
            </param>
            <param index="1">
              <value>
                <![CDATA["Purchase a product from the online store"]]>
              </value>
            </param>
          </params>
          <reporter-output>
          </reporter-output>
        </test-method> <!-- runScenario -->
        <test-method is-config="true" signature="tearDownClass()[pri:0, instance:runners.TestRunnersTesNG@6d2a209c]" started-at="2025-03-20T20:53:44 ICT" name="tearDownClass" finished-at="2025-03-20T20:53:44 ICT" duration-ms="88" status="PASS">
          <reporter-output>
          </reporter-output>
        </test-method> <!-- tearDownClass -->
      </class> <!-- runners.TestRunnersTesNG -->
    </test> <!-- Surefire test -->
  </suite> <!-- Surefire suite -->
</testng-results>
