<?xml version="1.0" encoding="UTF-8"?>
<testng-results ignored="0" total="1" passed="1" failed="0" skipped="0">
  <reporter-output>
  </reporter-output>
  <suite started-at="2025-03-15T10:54:38 ICT" name="Surefire suite" finished-at="2025-03-15T10:54:54 ICT" duration-ms="15267">
    <groups>
    </groups>
    <test started-at="2025-03-15T10:54:38 ICT" name="Surefire test" finished-at="2025-03-15T10:54:54 ICT" duration-ms="15267">
      <class name="automation.StandAloneTestNGImplTest">
        <test-method is-config="true" signature="setUp()[pri:0, instance:automation.StandAloneTestNGImplTest@4387b79e]" started-at="2025-03-15T10:54:38 ICT" name="setUp" finished-at="2025-03-15T10:54:45 ICT" duration-ms="6146" status="PASS">
          <reporter-output>
          </reporter-output>
        </test-method> <!-- setUp -->
        <test-method signature="createOrder(java.util.HashMap)[pri:0, instance:automation.StandAloneTestNGImplTest@4387b79e]" started-at="2025-03-15T10:54:45 ICT" name="createOrder" data-provider="dataTestMapping" finished-at="2025-03-15T10:54:54 ICT" duration-ms="9084" status="PASS">
          <params>
            <param index="0">
              <value>
                <![CDATA[{productname=ZARA COAT 3, password=jPF.TLurtbM@Yk5, useremail=aotomation@mailnesia.com}]]>
              </value>
            </param>
          </params>
          <reporter-output>
          </reporter-output>
        </test-method> <!-- createOrder -->
        <test-method is-config="true" signature="tearDown()[pri:0, instance:automation.StandAloneTestNGImplTest@4387b79e]" started-at="2025-03-15T10:54:54 ICT" name="tearDown" finished-at="2025-03-15T10:54:54 ICT" duration-ms="1" status="PASS">
          <reporter-output>
          </reporter-output>
        </test-method> <!-- tearDown -->
      </class> <!-- automation.StandAloneTestNGImplTest -->
    </test> <!-- Surefire test -->
  </suite> <!-- Surefire suite -->
</testng-results>
