<?xml version="1.0" encoding="UTF-8"?>
<testsuite xmlns:xsi="http://www.w3.org/2001/XMLSchema-instance" xsi:noNamespaceSchemaLocation="https://maven.apache.org/surefire/maven-surefire-plugin/xsd/surefire-test-report.xsd" name="TestSuite" time="44.339" tests="4" errors="0" skipped="0" failures="2">
  <properties>
[...]
</properties>
  <testcase name="createOrder" classname="automation.StandAloneTestNGImpl2Test" time="1.108">
    <failure message="Cannot invoke &quot;org.openqa.selenium.WebElement.findElement(org.openqa.selenium.By)&quot; because &quot;product&quot; is null" type="java.lang.NullPointerException">java.lang.NullPointerException: Cannot invoke "org.openqa.selenium.WebElement.findElement(org.openqa.selenium.By)" because "product" is null
	at automation.StandAloneTestNGImpl2Test.createOrder(StandAloneTestNGImpl2Test.java:70)
</failure>
    <system-err><![CDATA[SLF4J(W): No SLF4J providers were found.
SLF4J(W): Defaulting to no-operation (NOP) logger implementation
SLF4J(W): See https://www.slf4j.org/codes.html#noProviders for further details.
Mar 20, 2025 8:26:27 PM org.openqa.selenium.devtools.CdpVersionFinder findNearestMatch
WARNING: Unable to find an exact match for CDP version 134, returning the closest version; found: 133; Please update to a Selenium version that supports CDP version 134
]]></system-err>
  </testcase>
  <testcase name="createOrder" classname="automation.StandAloneTestNGImplTest" time="5.257"/>
  <testcase name="runScenario" classname="runners.TestRunnersTesNG" time="8.017">
    <failure message="element click intercepted: Element is not clickable at point (404, 743)&#10;  (Session info: chrome=134.0.6998.89)&#10;Build info: version: &apos;4.29.0&apos;, revision: &apos;5fc1ec94cb&apos;&#10;System info: os.name: &apos;Windows 11&apos;, os.arch: &apos;amd64&apos;, os.version: &apos;10.0&apos;, java.version: &apos;21.0.5&apos;&#10;Driver info: org.openqa.selenium.chrome.ChromeDriver&#10;Command: [b21df782ca7033687068450e161f346b, clickElement {id=f.4AA89DDF658F89EDE18B0E34195EA74E.d.B76865859E4F1AC5B6E0E2CA78502E06.e.75}]&#10;Capabilities {acceptInsecureCerts: false, browserName: chrome, browserVersion: 134.0.6998.89, chrome: {chromedriverVersion: 134.0.6998.88 (7e3d5c978c6d..., userDataDir: C:\Users\Escha\AppData\Loca...}, fedcm:accounts: true, goog:chromeOptions: {debuggerAddress: localhost:62943}, networkConnectionEnabled: false, pageLoadStrategy: normal, platformName: windows, proxy: Proxy(), se:cdp: ws://localhost:62943/devtoo..., se:cdpVersion: 134.0.6998.89, setWindowRect: true, strictFileInteractability: false, timeouts: {implicit: 0, pageLoad: 300000, script: 30000}, unhandledPromptBehavior: dismiss and notify, webauthn:extension:credBlob: true, webauthn:extension:largeBlob: true, webauthn:extension:minPinLength: true, webauthn:extension:prf: true, webauthn:virtualAuthenticators: true}&#10;Element: [[[[ChromeDriver: chrome on windows (b21df782ca7033687068450e161f346b)] -&gt; css selector: .mb-3]] -&gt; xpath: //div[@class=&apos;card-body&apos;]//child::button//child::i[@class=&apos;fa fa-shopping-cart&apos;]]&#10;Session ID: b21df782ca7033687068450e161f346b" type="org.openqa.selenium.ElementClickInterceptedException">org.openqa.selenium.ElementClickInterceptedException: 
element click intercepted: Element is not clickable at point (404, 743)
  (Session info: chrome=134.0.6998.89)
Build info: version: '4.29.0', revision: '5fc1ec94cb'
System info: os.name: 'Windows 11', os.arch: 'amd64', os.version: '10.0', java.version: '21.0.5'
Driver info: org.openqa.selenium.chrome.ChromeDriver
Command: [b21df782ca7033687068450e161f346b, clickElement {id=f.4AA89DDF658F89EDE18B0E34195EA74E.d.B76865859E4F1AC5B6E0E2CA78502E06.e.75}]
Capabilities {acceptInsecureCerts: false, browserName: chrome, browserVersion: 134.0.6998.89, chrome: {chromedriverVersion: 134.0.6998.88 (7e3d5c978c6d..., userDataDir: C:\Users\Escha\AppData\Loca...}, fedcm:accounts: true, goog:chromeOptions: {debuggerAddress: localhost:62943}, networkConnectionEnabled: false, pageLoadStrategy: normal, platformName: windows, proxy: Proxy(), se:cdp: ws://localhost:62943/devtoo..., se:cdpVersion: 134.0.6998.89, setWindowRect: true, strictFileInteractability: false, timeouts: {implicit: 0, pageLoad: 300000, script: 30000}, unhandledPromptBehavior: dismiss and notify, webauthn:extension:credBlob: true, webauthn:extension:largeBlob: true, webauthn:extension:minPinLength: true, webauthn:extension:prf: true, webauthn:virtualAuthenticators: true}
Element: [[[[ChromeDriver: chrome on windows (b21df782ca7033687068450e161f346b)] -> css selector: .mb-3]] -> xpath: //div[@class='card-body']//child::button//child::i[@class='fa fa-shopping-cart']]
Session ID: b21df782ca7033687068450e161f346b
</failure>
    <system-out><![CDATA[
Scenario Outline: Create Order Positive Case                                                   &amp#27;[90m# src/test/resources/features/CreateOrder.feature:22&amp#27;[0m
Browser name is: chrome
driver adalah ChromeDriver: chrome on windows (b21df782ca7033687068450e161f346b)
  &amp#27;[32mGiven &amp#27;[0m&amp#27;[32mBuyer landing to ecommerce&amp#27;[0m                                                             &amp#27;[90m# stepdefinitions.StepdefinitionsImpl.landingPage()&amp#27;[0m
  &amp#27;[32mGiven &amp#27;[0m&amp#27;[32mBuyer login to the website email &amp#27;[0m&amp#27;[32m&amp#27;[1maotomation@mailnesia.com&amp#27;[0m&amp#27;[32m and password &amp#27;[0m&amp#27;[32m&amp#27;[1mjPF.TLurtbM@Yk5&amp#27;[0m &amp#27;[90m# stepdefinitions.StepdefinitionsImpl.buyerLogin(java.lang.String,java.lang.String)&amp#27;[0m
  &amp#27;[31mWhen &amp#27;[0m&amp#27;[31mBuyer add a product &amp#27;[0m&amp#27;[31m&amp#27;[1mZARA COAT 3&amp#27;[0m&amp#27;[31m to the cart&amp#27;[0m                                             &amp#27;[90m# stepdefinitions.StepdefinitionsImpl.addProductToCart(java.lang.String)&amp#27;[0m
      &amp#27;[31morg.openqa.selenium.ElementClickInterceptedException: element click intercepted: Element is not clickable at point (404, 743)
        (Session info: chrome=134.0.6998.89)
      Build info: version: '4.29.0', revision: '5fc1ec94cb'
      System info: os.name: 'Windows 11', os.arch: 'amd64', os.version: '10.0', java.version: '21.0.5'
      Driver info: org.openqa.selenium.chrome.ChromeDriver
      Command: [b21df782ca7033687068450e161f346b, clickElement {id=f.4AA89DDF658F89EDE18B0E34195EA74E.d.B76865859E4F1AC5B6E0E2CA78502E06.e.75}]
      Capabilities {acceptInsecureCerts: false, browserName: chrome, browserVersion: 134.0.6998.89, chrome: {chromedriverVersion: 134.0.6998.88 (7e3d5c978c6d..., userDataDir: C:\Users\Escha\AppData\Loca...}, fedcm:accounts: true, goog:chromeOptions: {debuggerAddress: localhost:62943}, networkConnectionEnabled: false, pageLoadStrategy: normal, platformName: windows, proxy: Proxy(), se:cdp: ws://localhost:62943/devtoo..., se:cdpVersion: 134.0.6998.89, setWindowRect: true, strictFileInteractability: false, timeouts: {implicit: 0, pageLoad: 300000, script: 30000}, unhandledPromptBehavior: dismiss and notify, webauthn:extension:credBlob: true, webauthn:extension:largeBlob: true, webauthn:extension:minPinLength: true, webauthn:extension:prf: true, webauthn:virtualAuthenticators: true}
      Element: [[[[ChromeDriver: chrome on windows (b21df782ca7033687068450e161f346b)] -> css selector: .mb-3]] -> xpath: //div[@class='card-body']//child::button//child::i[@class='fa fa-shopping-cart']]
      Session ID: b21df782ca7033687068450e161f346b
      	at java.base/jdk.internal.reflect.DirectConstructorHandleAccessor.newInstance(DirectConstructorHandleAccessor.java:62)
      	at java.base/java.lang.reflect.Constructor.newInstanceWithCaller(Constructor.java:502)
      	at java.base/java.lang.reflect.Constructor.newInstance(Constructor.java:486)
      	at org.openqa.selenium.remote.ErrorCodec.decode(ErrorCodec.java:167)
      	at org.openqa.selenium.remote.codec.w3c.W3CHttpResponseCodec.decode(W3CHttpResponseCodec.java:138)
      	at org.openqa.selenium.remote.codec.w3c.W3CHttpResponseCodec.decode(W3CHttpResponseCodec.java:50)
      	at org.openqa.selenium.remote.HttpCommandExecutor.execute(HttpCommandExecutor.java:215)
      	at org.openqa.selenium.remote.service.DriverCommandExecutor.invokeExecute(DriverCommandExecutor.java:216)
      	at org.openqa.selenium.remote.service.DriverCommandExecutor.execute(DriverCommandExecutor.java:174)
      	at org.openqa.selenium.remote.RemoteWebDriver.execute(RemoteWebDriver.java:545)
      	at org.openqa.selenium.remote.RemoteWebElement.execute(RemoteWebElement.java:223)
      	at org.openqa.selenium.remote.RemoteWebElement.click(RemoteWebElement.java:76)
      	at com.webautomation.pageobject.ProductListPage.addToCart(ProductListPage.java:46)
      	at stepdefinitions.StepdefinitionsImpl.addProductToCart(StepdefinitionsImpl.java:43)
      	at ✽.Buyer add a product ZARA COAT 3 to the cart(file:///D:/Bootcamp%20QA/WebAutomation/src/test/resources/features/CreateOrder.feature:15)&amp#27;[0m
  &amp#27;[36mAnd &amp#27;[0m&amp#27;[36mBuyer checkout product &amp#27;[0m&amp#27;[36m&amp#27;[1mZARA COAT 3&amp#27;[0m                                                       &amp#27;[90m# stepdefinitions.StepdefinitionsImpl.checkoutProduct(java.lang.String)&amp#27;[0m
  &amp#27;[36mAnd &amp#27;[0m&amp#27;[36mBuyer place order &amp#27;[0m&amp#27;[36m&amp#27;[1mIndonesia&amp#27;[0m                                                              &amp#27;[90m# stepdefinitions.StepdefinitionsImpl.placeOrder(java.lang.String)&amp#27;[0m
  &amp#27;[36mThen &amp#27;[0m&amp#27;[36mBuyer will see message is displayed on confirmation page &amp#27;[0m&amp#27;[36m&amp#27;[1mTHANKYOU FOR THE ORDER.&amp#27;[0m        &amp#27;[90m# stepdefinitions.StepdefinitionsImpl.orderConfirmation(java.lang.String)&amp#27;[0m
]]></system-out>
    <system-err><![CDATA[Mar 20, 2025 8:26:52 PM org.openqa.selenium.devtools.CdpVersionFinder findNearestMatch
WARNING: Unable to find an exact match for CDP version 134, returning the closest version; found: 133; Please update to a Selenium version that supports CDP version 134
Mar 20, 2025 8:27:00 PM org.openqa.selenium.remote.http.WebSocket$Listener onError
WARNING: Connection reset
java.net.SocketException: Connection reset
	at java.base/sun.nio.ch.SocketChannelImpl.throwConnectionReset(SocketChannelImpl.java:401)
	at java.base/sun.nio.ch.SocketChannelImpl.read(SocketChannelImpl.java:434)
	at java.net.http/jdk.internal.net.http.SocketTube.readAvailable(SocketTube.java:1178)
	at java.net.http/jdk.internal.net.http.SocketTube$InternalReadPublisher$InternalReadSubscription.read(SocketTube.java:841)
	at java.net.http/jdk.internal.net.http.SocketTube$SocketFlowTask.run(SocketTube.java:181)
	at java.net.http/jdk.internal.net.http.common.SequentialScheduler$SchedulableTask.run(SequentialScheduler.java:207)
	at java.net.http/jdk.internal.net.http.common.SequentialScheduler.runOrSchedule(SequentialScheduler.java:280)
	at java.net.http/jdk.internal.net.http.common.SequentialScheduler.runOrSchedule(SequentialScheduler.java:233)
	at java.net.http/jdk.internal.net.http.SocketTube$InternalReadPublisher$InternalReadSubscription.signalReadable(SocketTube.java:782)
	at java.net.http/jdk.internal.net.http.SocketTube$InternalReadPublisher$ReadEvent.signalEvent(SocketTube.java:965)
	at java.net.http/jdk.internal.net.http.SocketTube$SocketFlowEvent.handle(SocketTube.java:253)
	at java.net.http/jdk.internal.net.http.HttpClientImpl$SelectorManager.handleEvent(HttpClientImpl.java:1469)
	at java.net.http/jdk.internal.net.http.HttpClientImpl$SelectorManager.lambda$run$3(HttpClientImpl.java:1414)
	at java.base/java.util.ArrayList.forEach(ArrayList.java:1596)
	at java.net.http/jdk.internal.net.http.HttpClientImpl$SelectorManager.run(HttpClientImpl.java:1414)

]]></system-err>
  </testcase>
  <testcase name="tugas" classname="tugas.tdTest" time="4.931"/>
</testsuite>